{"level":"DEBUG","location":"[get_call:137] fyersModel","message":{"Status Code":200,"API":"/profile"},"timestamp":"2025-01-20 13:52:26,690+0530","service":"FyersAPIRequest"}
{"level":"DEBUG","location":"[get_call:137] fyersModel","message":{"Status Code":200,"API":"/profile"},"timestamp":"2025-01-20 13:52:26,907+0530","service":"FyersAPIRequest"}
{"level":"DEBUG","location":"[get_call:137] fyersModel","message":{"Status Code":200,"API":"/profile"},"timestamp":"2025-01-20 13:52:27,129+0530","service":"FyersAPIRequest"}
{"level":"DEBUG","location":"[get_call:137] fyersModel","message":{"Status Code":200,"API":"/profile"},"timestamp":"2025-01-20 13:52:27,306+0530","service":"FyersAPIRequest"}
{"level":"DEBUG","location":"[get_call:137] fyersModel","message":{"Status Code":200,"API":"/profile"},"timestamp":"2025-01-20 13:52:27,484+0530","service":"FyersAPIRequest"}
{"level":"DEBUG","location":"[get_call:137] fyersModel","message":{"Status Code":200,"API":"/profile"},"timestamp":"2025-01-20 13:52:27,689+0530","service":"FyersAPIRequest"}
{"level":"DEBUG","location":"[get_call:137] fyersModel","message":{"Status Code":200,"API":"/profile"},"timestamp":"2025-01-20 13:52:27,911+0530","service":"FyersAPIRequest"}
{"level":"DEBUG","location":"[get_call:137] fyersModel","message":{"Status Code":200,"API":"/profile"},"timestamp":"2025-01-20 13:52:28,129+0530","service":"FyersAPIRequest"}
{"level":"DEBUG","location":"[get_call:137] fyersModel","message":{"Status Code":200,"API":"/profile"},"timestamp":"2025-01-20 13:52:28,346+0530","service":"FyersAPIRequest"}
{"level":"DEBUG","location":"[get_call:137] fyersModel","message":{"Status Code":200,"API":"/profile"},"timestamp":"2025-01-20 13:52:28,578+0530","service":"FyersAPIRequest"}
{"level":"DEBUG","location":"[get_call:137] fyersModel","message":{"Status Code":200,"API":"/profile"},"timestamp":"2025-01-20 13:52:28,790+0530","service":"FyersAPIRequest"}
{"level":"DEBUG","location":"[get_call:137] fyersModel","message":{"Status Code":200,"API":"/profile"},"timestamp":"2025-01-20 13:52:28,990+0530","service":"FyersAPIRequest"}
{"level":"DEBUG","location":"[get_call:137] fyersModel","message":{"Status Code":200,"API":"/profile"},"timestamp":"2025-01-20 13:52:29,211+0530","service":"FyersAPIRequest"}
{"level":"DEBUG","location":"[get_call:137] fyersModel","message":{"Status Code":200,"API":"/profile"},"timestamp":"2025-01-20 13:52:29,404+0530","service":"FyersAPIRequest"}
{"level":"DEBUG","location":"[get_call:137] fyersModel","message":{"Status Code":200,"API":"/profile"},"timestamp":"2025-01-20 13:52:29,640+0530","service":"FyersAPIRequest"}
{"level":"DEBUG","location":"[get_call:137] fyersModel","message":{"Status Code":200,"API":"/profile"},"timestamp":"2025-01-20 13:52:29,868+0530","service":"FyersAPIRequest"}
{"level":"DEBUG","location":"[get_call:137] fyersModel","message":{"Status Code":200,"API":"/profile"},"timestamp":"2025-01-20 13:52:30,101+0530","service":"FyersAPIRequest"}
{"level":"DEBUG","location":"[get_call:137] fyersModel","message":{"Status Code":200,"API":"/profile"},"timestamp":"2025-01-20 13:52:30,328+0530","service":"FyersAPIRequest"}
{"level":"DEBUG","location":"[get_call:137] fyersModel","message":{"Status Code":200,"API":"/profile"},"timestamp":"2025-01-20 13:52:30,545+0530","service":"FyersAPIRequest"}
{"level":"DEBUG","location":"[get_call:137] fyersModel","message":{"Status Code":200,"API":"/profile"},"timestamp":"2025-01-20 13:52:30,758+0530","service":"FyersAPIRequest"}
{"level":"DEBUG","location":"[get_call:137] fyersModel","message":{"Status Code":200,"API":"/profile"},"timestamp":"2025-01-20 13:52:30,980+0530","service":"FyersAPIRequest"}
{"level":"DEBUG","location":"[get_call:137] fyersModel","message":{"Status Code":200,"API":"/profile"},"timestamp":"2025-01-20 13:52:31,188+0530","service":"FyersAPIRequest"}
{"level":"DEBUG","location":"[get_call:137] fyersModel","message":{"Status Code":200,"API":"/profile"},"timestamp":"2025-01-20 13:52:31,409+0530","service":"FyersAPIRequest"}
{"level":"DEBUG","location":"[get_call:137] fyersModel","message":{"Status Code":200,"API":"/profile"},"timestamp":"2025-01-20 13:52:31,630+0530","service":"FyersAPIRequest"}
{"level":"DEBUG","location":"[get_call:137] fyersModel","message":{"Status Code":200,"API":"/profile"},"timestamp":"2025-01-20 13:52:31,884+0530","service":"FyersAPIRequest"}
{"level":"DEBUG","location":"[get_call:137] fyersModel","message":{"Status Code":200,"API":"/profile"},"timestamp":"2025-01-20 13:52:32,106+0530","service":"FyersAPIRequest"}
{"level":"DEBUG","location":"[get_call:137] fyersModel","message":{"Status Code":200,"API":"/profile"},"timestamp":"2025-01-20 13:52:32,378+0530","service":"FyersAPIRequest"}
{"level":"DEBUG","location":"[get_call:137] fyersModel","message":{"Status Code":200,"API":"/profile"},"timestamp":"2025-01-20 13:52:32,635+0530","service":"FyersAPIRequest"}
{"level":"DEBUG","location":"[get_call:137] fyersModel","message":{"Status Code":200,"API":"/profile"},"timestamp":"2025-01-20 13:52:32,853+0530","service":"FyersAPIRequest"}
{"level":"DEBUG","location":"[get_call:137] fyersModel","message":{"Status Code":200,"API":"/profile"},"timestamp":"2025-01-20 13:52:33,072+0530","service":"FyersAPIRequest"}
{"level":"DEBUG","location":"[get_call:137] fyersModel","message":{"Status Code":200,"API":"/profile"},"timestamp":"2025-01-20 13:52:33,287+0530","service":"FyersAPIRequest"}
{"level":"DEBUG","location":"[get_call:137] fyersModel","message":{"Status Code":200,"API":"/profile"},"timestamp":"2025-01-20 13:52:33,544+0530","service":"FyersAPIRequest"}
{"level":"DEBUG","location":"[get_call:137] fyersModel","message":{"Status Code":200,"API":"/profile"},"timestamp":"2025-01-20 13:52:33,736+0530","service":"FyersAPIRequest"}
{"level":"DEBUG","location":"[get_call:137] fyersModel","message":{"Status Code":200,"API":"/profile"},"timestamp":"2025-01-20 13:52:33,952+0530","service":"FyersAPIRequest"}
{"level":"DEBUG","location":"[get_call:137] fyersModel","message":{"Status Code":200,"API":"/profile"},"timestamp":"2025-01-20 13:52:34,186+0530","service":"FyersAPIRequest"}
{"level":"DEBUG","location":"[get_call:137] fyersModel","message":{"Status Code":200,"API":"/profile"},"timestamp":"2025-01-20 13:52:34,405+0530","service":"FyersAPIRequest"}
{"level":"DEBUG","location":"[get_call:137] fyersModel","message":{"Status Code":200,"API":"/profile"},"timestamp":"2025-01-20 13:52:34,632+0530","service":"FyersAPIRequest"}
{"level":"DEBUG","location":"[get_call:137] fyersModel","message":{"Status Code":200,"API":"/profile"},"timestamp":"2025-01-20 13:52:34,854+0530","service":"FyersAPIRequest"}
{"level":"DEBUG","location":"[get_call:137] fyersModel","message":{"Status Code":200,"API":"/profile"},"timestamp":"2025-01-20 13:52:35,090+0530","service":"FyersAPIRequest"}
{"level":"DEBUG","location":"[get_call:137] fyersModel","message":{"Status Code":200,"API":"/profile"},"timestamp":"2025-01-20 13:52:35,284+0530","service":"FyersAPIRequest"}
{"level":"DEBUG","location":"[get_call:137] fyersModel","message":{"Status Code":200,"API":"/profile"},"timestamp":"2025-01-20 13:52:35,491+0530","service":"FyersAPIRequest"}
{"level":"DEBUG","location":"[get_call:137] fyersModel","message":{"Status Code":200,"API":"/profile"},"timestamp":"2025-01-20 13:52:35,710+0530","service":"FyersAPIRequest"}
{"level":"DEBUG","location":"[get_call:137] fyersModel","message":{"Status Code":200,"API":"/profile"},"timestamp":"2025-01-20 13:52:35,905+0530","service":"FyersAPIRequest"}
{"level":"DEBUG","location":"[get_call:137] fyersModel","message":{"Status Code":200,"API":"/profile"},"timestamp":"2025-01-20 13:52:36,112+0530","service":"FyersAPIRequest"}
{"level":"DEBUG","location":"[get_call:137] fyersModel","message":{"Status Code":200,"API":"/profile"},"timestamp":"2025-01-20 13:52:36,353+0530","service":"FyersAPIRequest"}
{"level":"DEBUG","location":"[get_call:137] fyersModel","message":{"Status Code":200,"API":"/profile"},"timestamp":"2025-01-20 13:52:36,610+0530","service":"FyersAPIRequest"}
{"level":"DEBUG","location":"[get_call:137] fyersModel","message":{"Status Code":200,"API":"/profile"},"timestamp":"2025-01-20 13:52:36,872+0530","service":"FyersAPIRequest"}
{"level":"DEBUG","location":"[get_call:137] fyersModel","message":{"Status Code":200,"API":"/profile"},"timestamp":"2025-01-20 13:52:37,050+0530","service":"FyersAPIRequest"}
{"level":"DEBUG","location":"[get_call:137] fyersModel","message":{"Status Code":200,"API":"/profile"},"timestamp":"2025-01-20 13:52:37,295+0530","service":"FyersAPIRequest"}
{"level":"DEBUG","location":"[get_call:137] fyersModel","message":{"Status Code":200,"API":"/profile"},"timestamp":"2025-01-20 13:52:37,566+0530","service":"FyersAPIRequest"}
{"level":"DEBUG","location":"[get_call:137] fyersModel","message":{"Status Code":200,"API":"/profile"},"timestamp":"2025-01-20 13:52:37,753+0530","service":"FyersAPIRequest"}
{"level":"DEBUG","location":"[get_call:137] fyersModel","message":{"Status Code":200,"API":"/profile"},"timestamp":"2025-01-20 13:52:38,025+0530","service":"FyersAPIRequest"}
{"level":"DEBUG","location":"[get_call:137] fyersModel","message":{"Status Code":200,"API":"/profile"},"timestamp":"2025-01-20 13:52:38,269+0530","service":"FyersAPIRequest"}
{"level":"DEBUG","location":"[get_call:137] fyersModel","message":{"Status Code":200,"API":"/profile"},"timestamp":"2025-01-20 13:52:38,447+0530","service":"FyersAPIRequest"}
{"level":"DEBUG","location":"[get_call:137] fyersModel","message":{"Status Code":200,"API":"/profile"},"timestamp":"2025-01-20 13:52:38,726+0530","service":"FyersAPIRequest"}
{"level":"DEBUG","location":"[get_call:137] fyersModel","message":{"Status Code":200,"API":"/profile"},"timestamp":"2025-01-20 13:52:38,952+0530","service":"FyersAPIRequest"}
{"level":"DEBUG","location":"[get_call:137] fyersModel","message":{"Status Code":200,"API":"/profile"},"timestamp":"2025-01-20 13:53:13,898+0530","service":"FyersAPIRequest"}
{"level":"DEBUG","location":"[get_call:137] fyersModel","message":{"Status Code":200,"API":"/profile"},"timestamp":"2025-01-20 13:54:54,457+0530","service":"FyersAPIRequest"}
{"level":"DEBUG","location":"[get_call:137] fyersModel","message":{"Status Code":200,"API":"/funds"},"timestamp":"2025-01-20 13:54:54,655+0530","service":"FyersAPIRequest"}
{"level":"DEBUG","location":"[get_call:137] fyersModel","message":{"Status Code":200,"API":"/profile"},"timestamp":"2025-01-20 14:04:21,208+0530","service":"FyersAPIRequest"}
{"level":"DEBUG","location":"[get_call:137] fyersModel","message":{"Status Code":200,"API":"/funds"},"timestamp":"2025-01-20 14:04:21,398+0530","service":"FyersAPIRequest"}
{"level":"DEBUG","location":"[get_call:137] fyersModel","message":{"Status Code":200,"API":"/orders"},"timestamp":"2025-01-20 14:04:21,588+0530","service":"FyersAPIRequest"}
{"level":"DEBUG","location":"[get_call:137] fyersModel","message":{"Status Code":200,"API":"/profile"},"timestamp":"2025-01-20 14:09:51,500+0530","service":"FyersAPIRequest"}
{"level":"DEBUG","location":"[get_call:137] fyersModel","message":{"Status Code":200,"API":"/funds"},"timestamp":"2025-01-20 14:09:51,697+0530","service":"FyersAPIRequest"}
{"level":"DEBUG","location":"[get_call:137] fyersModel","message":{"Status Code":200,"API":"/orders"},"timestamp":"2025-01-20 14:09:51,869+0530","service":"FyersAPIRequest"}
{"level":"DEBUG","location":"[get_call:137] fyersModel","message":{"Status Code":200,"API":"/tradebook"},"timestamp":"2025-01-20 14:09:52,056+0530","service":"FyersAPIRequest"}
{"level":"DEBUG","location":"[get_call:137] fyersModel","message":{"Status Code":200,"API":"/profile"},"timestamp":"2025-01-20 14:11:45,602+0530","service":"FyersAPIRequest"}
{"level":"DEBUG","location":"[get_call:137] fyersModel","message":{"Status Code":200,"API":"/funds"},"timestamp":"2025-01-20 14:11:45,791+0530","service":"FyersAPIRequest"}
{"level":"DEBUG","location":"[get_call:137] fyersModel","message":{"Status Code":200,"API":"/orders"},"timestamp":"2025-01-20 14:11:45,976+0530","service":"FyersAPIRequest"}
{"level":"DEBUG","location":"[get_call:137] fyersModel","message":{"Status Code":200,"API":"/tradebook"},"timestamp":"2025-01-20 14:11:46,158+0530","service":"FyersAPIRequest"}
{"level":"DEBUG","location":"[get_call:137] fyersModel","message":{"Status Code":200,"API":"/positions"},"timestamp":"2025-01-20 14:11:46,352+0530","service":"FyersAPIRequest"}
{"level":"DEBUG","location":"[get_call:137] fyersModel","message":{"Status Code":200,"API":"/profile"},"timestamp":"2025-01-20 14:12:22,519+0530","service":"FyersAPIRequest"}
{"level":"DEBUG","location":"[get_call:137] fyersModel","message":{"Status Code":200,"API":"/funds"},"timestamp":"2025-01-20 14:12:22,725+0530","service":"FyersAPIRequest"}
{"level":"DEBUG","location":"[get_call:137] fyersModel","message":{"Status Code":200,"API":"/orders"},"timestamp":"2025-01-20 14:12:22,912+0530","service":"FyersAPIRequest"}
{"level":"DEBUG","location":"[get_call:137] fyersModel","message":{"Status Code":200,"API":"/tradebook"},"timestamp":"2025-01-20 14:12:23,136+0530","service":"FyersAPIRequest"}
{"level":"DEBUG","location":"[get_call:137] fyersModel","message":{"Status Code":200,"API":"/positions"},"timestamp":"2025-01-20 14:12:23,355+0530","service":"FyersAPIRequest"}
{"level":"DEBUG","location":"[get_call:137] fyersModel","message":{"Status Code":200,"API":"/profile"},"timestamp":"2025-01-20 14:12:35,047+0530","service":"FyersAPIRequest"}
{"level":"DEBUG","location":"[get_call:137] fyersModel","message":{"Status Code":200,"API":"/funds"},"timestamp":"2025-01-20 14:12:35,265+0530","service":"FyersAPIRequest"}
{"level":"DEBUG","location":"[get_call:137] fyersModel","message":{"Status Code":200,"API":"/orders"},"timestamp":"2025-01-20 14:12:35,417+0530","service":"FyersAPIRequest"}
{"level":"DEBUG","location":"[get_call:137] fyersModel","message":{"Status Code":200,"API":"/tradebook"},"timestamp":"2025-01-20 14:12:35,606+0530","service":"FyersAPIRequest"}
{"level":"DEBUG","location":"[get_call:137] fyersModel","message":{"Status Code":200,"API":"/positions"},"timestamp":"2025-01-20 14:12:35,808+0530","service":"FyersAPIRequest"}
{"level":"DEBUG","location":"[get_call:137] fyersModel","message":{"Status Code":200,"API":"/profile"},"timestamp":"2025-01-20 14:16:31,843+0530","service":"FyersAPIRequest"}
{"level":"DEBUG","location":"[get_call:137] fyersModel","message":{"Status Code":200,"API":"/funds"},"timestamp":"2025-01-20 14:16:32,012+0530","service":"FyersAPIRequest"}
{"level":"DEBUG","location":"[get_call:137] fyersModel","message":{"Status Code":200,"API":"/orders"},"timestamp":"2025-01-20 14:16:32,203+0530","service":"FyersAPIRequest"}
{"level":"DEBUG","location":"[get_call:137] fyersModel","message":{"Status Code":200,"API":"/tradebook"},"timestamp":"2025-01-20 14:16:32,401+0530","service":"FyersAPIRequest"}
{"level":"DEBUG","location":"[get_call:137] fyersModel","message":{"Status Code":200,"API":"/positions"},"timestamp":"2025-01-20 14:16:32,601+0530","service":"FyersAPIRequest"}
{"level":"DEBUG","location":"[get_call:137] fyersModel","message":{"Status Code":200,"API":"/positions"},"timestamp":"2025-01-20 14:16:32,794+0530","service":"FyersAPIRequest"}
{"level":"DEBUG","location":"[get_call:137] fyersModel","message":{"Status Code":200,"API":"/profile"},"timestamp":"2025-01-20 14:16:58,503+0530","service":"FyersAPIRequest"}
{"level":"DEBUG","location":"[get_call:137] fyersModel","message":{"Status Code":200,"API":"/funds"},"timestamp":"2025-01-20 14:16:58,697+0530","service":"FyersAPIRequest"}
{"level":"DEBUG","location":"[get_call:137] fyersModel","message":{"Status Code":200,"API":"/orders"},"timestamp":"2025-01-20 14:16:58,919+0530","service":"FyersAPIRequest"}
{"level":"DEBUG","location":"[get_call:137] fyersModel","message":{"Status Code":200,"API":"/tradebook"},"timestamp":"2025-01-20 14:16:59,095+0530","service":"FyersAPIRequest"}
{"level":"DEBUG","location":"[get_call:137] fyersModel","message":{"Status Code":200,"API":"/positions"},"timestamp":"2025-01-20 14:16:59,293+0530","service":"FyersAPIRequest"}
{"level":"DEBUG","location":"[get_call:137] fyersModel","message":{"Status Code":200,"API":"/positions"},"timestamp":"2025-01-20 14:16:59,498+0530","service":"FyersAPIRequest"}
{"level":"DEBUG","location":"[get_call:137] fyersModel","message":{"Status Code":200,"API":"/profile"},"timestamp":"2025-01-20 14:17:39,115+0530","service":"FyersAPIRequest"}
{"level":"DEBUG","location":"[get_call:137] fyersModel","message":{"Status Code":200,"API":"/funds"},"timestamp":"2025-01-20 14:17:39,299+0530","service":"FyersAPIRequest"}
{"level":"DEBUG","location":"[get_call:137] fyersModel","message":{"Status Code":200,"API":"/orders"},"timestamp":"2025-01-20 14:17:39,503+0530","service":"FyersAPIRequest"}
{"level":"DEBUG","location":"[get_call:137] fyersModel","message":{"Status Code":200,"API":"/tradebook"},"timestamp":"2025-01-20 14:17:39,715+0530","service":"FyersAPIRequest"}
{"level":"DEBUG","location":"[get_call:137] fyersModel","message":{"Status Code":200,"API":"/positions"},"timestamp":"2025-01-20 14:17:39,958+0530","service":"FyersAPIRequest"}
{"level":"DEBUG","location":"[get_call:137] fyersModel","message":{"Status Code":200,"API":"/positions"},"timestamp":"2025-01-20 14:17:40,119+0530","service":"FyersAPIRequest"}
{"level":"DEBUG","location":"[get_call:137] fyersModel","message":{"Status Code":200,"API":"/profile"},"timestamp":"2025-01-20 14:18:18,430+0530","service":"FyersAPIRequest"}
{"level":"DEBUG","location":"[get_call:137] fyersModel","message":{"Status Code":200,"API":"/funds"},"timestamp":"2025-01-20 14:18:18,634+0530","service":"FyersAPIRequest"}
{"level":"DEBUG","location":"[get_call:137] fyersModel","message":{"Status Code":200,"API":"/orders"},"timestamp":"2025-01-20 14:18:18,849+0530","service":"FyersAPIRequest"}
{"level":"DEBUG","location":"[get_call:137] fyersModel","message":{"Status Code":200,"API":"/tradebook"},"timestamp":"2025-01-20 14:18:19,036+0530","service":"FyersAPIRequest"}
{"level":"DEBUG","location":"[get_call:137] fyersModel","message":{"Status Code":200,"API":"/positions"},"timestamp":"2025-01-20 14:18:19,235+0530","service":"FyersAPIRequest"}
{"level":"DEBUG","location":"[get_call:137] fyersModel","message":{"Status Code":200,"API":"/positions"},"timestamp":"2025-01-20 14:18:19,418+0530","service":"FyersAPIRequest"}
{"level":"DEBUG","location":"[get_call:137] fyersModel","message":{"Status Code":200,"API":"/profile"},"timestamp":"2025-01-20 14:20:22,269+0530","service":"FyersAPIRequest"}
{"level":"DEBUG","location":"[get_call:137] fyersModel","message":{"Status Code":200,"API":"/funds"},"timestamp":"2025-01-20 14:20:22,455+0530","service":"FyersAPIRequest"}
{"level":"DEBUG","location":"[get_call:137] fyersModel","message":{"Status Code":200,"API":"/orders"},"timestamp":"2025-01-20 14:20:22,665+0530","service":"FyersAPIRequest"}
{"level":"DEBUG","location":"[get_call:137] fyersModel","message":{"Status Code":200,"API":"/tradebook"},"timestamp":"2025-01-20 14:20:22,853+0530","service":"FyersAPIRequest"}
{"level":"DEBUG","location":"[get_call:137] fyersModel","message":{"Status Code":200,"API":"/positions"},"timestamp":"2025-01-20 14:20:23,041+0530","service":"FyersAPIRequest"}
{"level":"DEBUG","location":"[get_call:137] fyersModel","message":{"Status Code":200,"API":"/positions"},"timestamp":"2025-01-20 14:20:23,236+0530","service":"FyersAPIRequest"}
{"level":"DEBUG","location":"[get_call:137] fyersModel","message":{"Status Code":200,"API":"/profile"},"timestamp":"2025-01-20 14:20:28,315+0530","service":"FyersAPIRequest"}
{"level":"DEBUG","location":"[get_call:137] fyersModel","message":{"Status Code":200,"API":"/funds"},"timestamp":"2025-01-20 14:20:28,499+0530","service":"FyersAPIRequest"}
{"level":"DEBUG","location":"[get_call:137] fyersModel","message":{"Status Code":200,"API":"/orders"},"timestamp":"2025-01-20 14:20:28,671+0530","service":"FyersAPIRequest"}
{"level":"DEBUG","location":"[get_call:137] fyersModel","message":{"Status Code":200,"API":"/tradebook"},"timestamp":"2025-01-20 14:20:28,883+0530","service":"FyersAPIRequest"}
{"level":"DEBUG","location":"[get_call:137] fyersModel","message":{"Status Code":200,"API":"/positions"},"timestamp":"2025-01-20 14:20:29,098+0530","service":"FyersAPIRequest"}
{"level":"DEBUG","location":"[get_call:137] fyersModel","message":{"Status Code":200,"API":"/positions"},"timestamp":"2025-01-20 14:20:29,279+0530","service":"FyersAPIRequest"}
{"level":"DEBUG","location":"[get_call:137] fyersModel","message":{"Status Code":200,"API":"/profile"},"timestamp":"2025-01-20 14:21:00,216+0530","service":"FyersAPIRequest"}
{"level":"DEBUG","location":"[get_call:137] fyersModel","message":{"Status Code":200,"API":"/funds"},"timestamp":"2025-01-20 14:21:00,423+0530","service":"FyersAPIRequest"}
{"level":"DEBUG","location":"[get_call:137] fyersModel","message":{"Status Code":200,"API":"/orders"},"timestamp":"2025-01-20 14:21:00,629+0530","service":"FyersAPIRequest"}
{"level":"DEBUG","location":"[get_call:137] fyersModel","message":{"Status Code":200,"API":"/tradebook"},"timestamp":"2025-01-20 14:21:00,813+0530","service":"FyersAPIRequest"}
{"level":"DEBUG","location":"[get_call:137] fyersModel","message":{"Status Code":200,"API":"/positions"},"timestamp":"2025-01-20 14:21:01,021+0530","service":"FyersAPIRequest"}
{"level":"DEBUG","location":"[get_call:137] fyersModel","message":{"Status Code":200,"API":"/positions"},"timestamp":"2025-01-20 14:21:01,212+0530","service":"FyersAPIRequest"}
{"level":"DEBUG","location":"[get_call:137] fyersModel","message":{"Status Code":200,"API":"/profile"},"timestamp":"2025-01-20 14:22:04,928+0530","service":"FyersAPIRequest"}
{"level":"DEBUG","location":"[get_call:137] fyersModel","message":{"Status Code":200,"API":"/funds"},"timestamp":"2025-01-20 14:22:05,115+0530","service":"FyersAPIRequest"}
{"level":"DEBUG","location":"[get_call:137] fyersModel","message":{"Status Code":200,"API":"/orders"},"timestamp":"2025-01-20 14:22:05,328+0530","service":"FyersAPIRequest"}
{"level":"DEBUG","location":"[get_call:137] fyersModel","message":{"Status Code":200,"API":"/tradebook"},"timestamp":"2025-01-20 14:22:05,535+0530","service":"FyersAPIRequest"}
{"level":"DEBUG","location":"[get_call:137] fyersModel","message":{"Status Code":200,"API":"/positions"},"timestamp":"2025-01-20 14:22:05,734+0530","service":"FyersAPIRequest"}
{"level":"DEBUG","location":"[get_call:137] fyersModel","message":{"Status Code":200,"API":"/positions"},"timestamp":"2025-01-20 14:22:05,924+0530","service":"FyersAPIRequest"}
{"level":"DEBUG","location":"[get_call:137] fyersModel","message":{"Status Code":200,"API":"/profile"},"timestamp":"2025-01-20 14:26:17,740+0530","service":"FyersAPIRequest"}
{"level":"DEBUG","location":"[get_call:137] fyersModel","message":{"Status Code":200,"API":"/funds"},"timestamp":"2025-01-20 14:26:17,943+0530","service":"FyersAPIRequest"}
{"level":"DEBUG","location":"[get_call:137] fyersModel","message":{"Status Code":200,"API":"/orders"},"timestamp":"2025-01-20 14:26:18,138+0530","service":"FyersAPIRequest"}
{"level":"DEBUG","location":"[get_call:137] fyersModel","message":{"Status Code":200,"API":"/tradebook"},"timestamp":"2025-01-20 14:26:18,329+0530","service":"FyersAPIRequest"}
{"level":"DEBUG","location":"[get_call:137] fyersModel","message":{"Status Code":200,"API":"/positions"},"timestamp":"2025-01-20 14:26:18,523+0530","service":"FyersAPIRequest"}
{"level":"DEBUG","location":"[get_call:137] fyersModel","message":{"Status Code":200,"API":"/positions"},"timestamp":"2025-01-20 14:26:18,723+0530","service":"FyersAPIRequest"}
{"level":"DEBUG","location":"[get_call:137] fyersModel","message":{"Status Code":200,"API":"/profile"},"timestamp":"2025-01-20 14:27:04,618+0530","service":"FyersAPIRequest"}
{"level":"DEBUG","location":"[get_call:137] fyersModel","message":{"Status Code":200,"API":"/funds"},"timestamp":"2025-01-20 14:27:04,821+0530","service":"FyersAPIRequest"}
{"level":"DEBUG","location":"[get_call:137] fyersModel","message":{"Status Code":200,"API":"/orders"},"timestamp":"2025-01-20 14:27:05,019+0530","service":"FyersAPIRequest"}
{"level":"DEBUG","location":"[get_call:137] fyersModel","message":{"Status Code":200,"API":"/tradebook"},"timestamp":"2025-01-20 14:27:05,203+0530","service":"FyersAPIRequest"}
{"level":"DEBUG","location":"[get_call:137] fyersModel","message":{"Status Code":200,"API":"/positions"},"timestamp":"2025-01-20 14:27:05,388+0530","service":"FyersAPIRequest"}
{"level":"DEBUG","location":"[get_call:137] fyersModel","message":{"Status Code":200,"API":"/positions"},"timestamp":"2025-01-20 14:27:05,576+0530","service":"FyersAPIRequest"}
{"level":"DEBUG","location":"[get_call:137] fyersModel","message":{"Status Code":200,"API":"/profile"},"timestamp":"2025-01-20 14:31:50,083+0530","service":"FyersAPIRequest"}
{"level":"DEBUG","location":"[get_call:137] fyersModel","message":{"Status Code":200,"API":"/funds"},"timestamp":"2025-01-20 14:31:50,268+0530","service":"FyersAPIRequest"}
{"level":"DEBUG","location":"[get_call:137] fyersModel","message":{"Status Code":200,"API":"/orders"},"timestamp":"2025-01-20 14:31:50,429+0530","service":"FyersAPIRequest"}
{"level":"DEBUG","location":"[get_call:137] fyersModel","message":{"Status Code":200,"API":"/tradebook"},"timestamp":"2025-01-20 14:31:50,595+0530","service":"FyersAPIRequest"}
{"level":"DEBUG","location":"[get_call:137] fyersModel","message":{"Status Code":200,"API":"/positions"},"timestamp":"2025-01-20 14:31:50,747+0530","service":"FyersAPIRequest"}
{"level":"DEBUG","location":"[get_call:137] fyersModel","message":{"Status Code":200,"API":"/positions"},"timestamp":"2025-01-20 14:31:50,922+0530","service":"FyersAPIRequest"}
{"level":"DEBUG","location":"[get_call:137] fyersModel","message":{"Status Code":200,"API":"/profile"},"timestamp":"2025-01-20 14:32:25,458+0530","service":"FyersAPIRequest"}
{"level":"DEBUG","location":"[get_call:137] fyersModel","message":{"Status Code":200,"API":"/funds"},"timestamp":"2025-01-20 14:32:25,641+0530","service":"FyersAPIRequest"}
{"level":"DEBUG","location":"[get_call:137] fyersModel","message":{"Status Code":200,"API":"/orders"},"timestamp":"2025-01-20 14:32:25,850+0530","service":"FyersAPIRequest"}
{"level":"DEBUG","location":"[get_call:137] fyersModel","message":{"Status Code":200,"API":"/tradebook"},"timestamp":"2025-01-20 14:32:26,033+0530","service":"FyersAPIRequest"}
{"level":"DEBUG","location":"[get_call:137] fyersModel","message":{"Status Code":200,"API":"/positions"},"timestamp":"2025-01-20 14:32:26,235+0530","service":"FyersAPIRequest"}
{"level":"DEBUG","location":"[get_call:137] fyersModel","message":{"Status Code":200,"API":"/positions"},"timestamp":"2025-01-20 14:32:26,429+0530","service":"FyersAPIRequest"}
